<?xml version="1.0" encoding="UTF-8"?>
<!-- Generated by org.testng.reporters.JUnitXMLReporter -->
<testsuite ignored="0" hostname="MAVLT1386" failures="1" tests="2" name="listeners" time="0.087" errors="0" timestamp="2021-12-06T23:28:39 AST">
  <testcase classname="TestNGPackage.AssertionsTestCases" name="testFail" time="0.013"/>
  <testcase classname="TestNGPackage.AssertionsTestCases" name="testPass" time="0.003">
    <failure type="java.lang.AssertionError" message="expected [true] but found [false]">
      <![CDATA[java.lang.AssertionError: expected [true] but found [false]
at TestNGPackage.AssertionsTestCases.testPass(AssertionsTestCases.java:12)
at java.base/java.util.ArrayList.forEach(ArrayList.java:1511)
... Removed 31 stack frames]]>
    </failure>
  </testcase> <!-- testPass -->
</testsuite> <!-- listeners -->
