<?xml version="1.0" encoding="UTF-8"?>
<!-- Generated by org.testng.reporters.JUnitXMLReporter -->
<testsuite ignored="2" hostname="MAVLT1386" failures="0" tests="1" name="Test" time="0.059" errors="0" timestamp="2021-12-06T22:02:35 AST">
  <testcase classname="TestNGPackage.Grouping" name="football" time="0.01"/>
  <testcase classname="TestNGPackage.Grouping" name="cricket" time="0.0">
    <ignored/>
  </testcase> <!-- cricket -->
  <testcase classname="TestNGPackage.Grouping" name="tennis" time="0.0">
    <ignored/>
  </testcase> <!-- tennis -->
</testsuite> <!-- Test -->
