<?xml version="1.0" encoding="UTF-8"?>
<testng-results ignored="0" total="2" passed="2" failed="0" skipped="0">
  <reporter-output>
  </reporter-output>
  <suite started-at="2021-12-07T14:04:23 AST" name="Default suite" finished-at="2021-12-07T14:04:23 AST" duration-ms="32">
    <groups>
    </groups>
    <test started-at="2021-12-07T14:04:23 AST" name="Default test" finished-at="2021-12-07T14:04:23 AST" duration-ms="32">
      <class name="TestNGPackage.Annotations">
        <test-method is-config="true" signature="testNG()[pri:0, instance:TestNGPackage.Annotations@6a84a97d]" started-at="2021-12-07T14:04:23 AST" name="testNG" finished-at="2021-12-07T14:04:23 AST" duration-ms="5" status="PASS">
          <reporter-output>
          </reporter-output>
        </test-method> <!-- testNG -->
        <test-method signature="testNG2()[pri:0, instance:TestNGPackage.Annotations@6a84a97d]" started-at="2021-12-07T14:04:23 AST" name="testNG2" finished-at="2021-12-07T14:04:23 AST" duration-ms="4" status="PASS">
          <reporter-output>
          </reporter-output>
        </test-method> <!-- testNG2 -->
        <test-method is-config="true" signature="testNG1()[pri:0, instance:TestNGPackage.Annotations@6a84a97d]" started-at="2021-12-07T14:04:23 AST" name="testNG1" finished-at="2021-12-07T14:04:23 AST" duration-ms="0" status="PASS">
          <reporter-output>
          </reporter-output>
        </test-method> <!-- testNG1 -->
        <test-method signature="testNG3()[pri:0, instance:TestNGPackage.Annotations@6a84a97d]" started-at="2021-12-07T14:04:23 AST" name="testNG3" finished-at="2021-12-07T14:04:23 AST" duration-ms="1" status="PASS">
          <reporter-output>
          </reporter-output>
        </test-method> <!-- testNG3 -->
        <test-method is-config="true" signature="testNG1()[pri:0, instance:TestNGPackage.Annotations@6a84a97d]" started-at="2021-12-07T14:04:23 AST" name="testNG1" finished-at="2021-12-07T14:04:23 AST" duration-ms="0" status="PASS">
          <reporter-output>
          </reporter-output>
        </test-method> <!-- testNG1 -->
      </class> <!-- TestNGPackage.Annotations -->
    </test> <!-- Default test -->
  </suite> <!-- Default suite -->
</testng-results>
