<?xml version="1.0" encoding="UTF-8"?>
<!-- Generated by org.testng.reporters.JUnitXMLReporter -->
<testsuite ignored="0" hostname="MAVLT1386" failures="0" tests="3" name="Default test" time="0.071" errors="0" timestamp="2021-12-06T22:54:11 AST">
  <testcase classname="TestNGPackage.DataProviders" name="method" time="0.009"/>
  <testcase classname="TestNGPackage.DataProviders" name="method" time="0.001"/>
  <testcase classname="TestNGPackage.DataProviders" name="method" time="0.001"/>
</testsuite> <!-- Default test -->
